Arguments: 
  C:\Program Files\nodejs\node.exe C:\Users\tonys\AppData\Roaming\npm\node_modules\yarn\bin\yarn.js add express socket.io

PATH: 
  C:\Users\tonys\bin;C:\Program Files\Git\mingw64\bin;C:\Program Files\Git\usr\local\bin;C:\Program Files\Git\usr\bin;C:\Program Files\Git\usr\bin;C:\Program Files\Git\mingw64\bin;C:\Program Files\Git\usr\bin;C:\Users\tonys\bin;C:\Program Files\Common Files\Oracle\Java\javapath;C:\mingw64\bin;C:\Program Files\Amazon\AWSCLIV2;C:\Program Files\Java\jdk-18.0.2\bin;C:\Program Files\lua-5.4.4;C:\Program Files\Erlang OTP\bin;C:\Program Files\Docker\Docker\resources\bin;C:\WINDOWS\system32;C:\Users\tonys\.console-ninja\.bin;C:\Users\tonys\.console-ninja\.bin;C:\Users\tonys\.console-ninja\.bin;C:\Users\tonys\.console-ninja\.bin;C:\Users\tonys\AppData\Local\Programs\Python\Python310\Scripts;C:\Users\tonys\AppData\Local\Programs\Python\Python310;C:\Users\tonys\AppData\Local\Microsoft\WindowsApps;C:\Users\tonys\AppData\Local\Programs\Microsoft VS Code\bin;C:\Program Files\MongoDB\Server\5.0\bin;C:\Program Files\heroku\bin;C:\Program Files\nodejs;C:\Users\tonys\AppData\Roaming\npm;C:\Users\tonys\AppData\Local\GitHubDesktop\bin;C:\Python310\Scripts;C:\Python310;C:\Program Files\lua-5.4.4;C:\WINDOWS\system32;C:\Program Files\Git\usr\bin\vendor_perl;C:\Program Files\Git\usr\bin\core_perl

Yarn version: 
  1.5.1

Node version: 
  16.13.1

Platform: 
  win32 x64

npm manifest: 
  {
    "name": "server",
    "version": "1.0.0",
    "main": "index.js",
    "license": "MIT"
  }

yarn manifest: 
  No manifest

Lockfile: 
  No lockfile

Trace: 
  Error: getaddrinfo ENOTFOUND registry.yarnpkg.com
      at GetAddrInfoReqWrap.onlookup [as oncomplete] (node:dns:71:26)
